<?xml version="1.0" encoding="UTF-8"?>
<coverage generated="1709147254513" clover="3.2.0">
  <project timestamp="1709147254514" name="All files">
    <metrics statements="28" coveredstatements="27" conditionals="7" coveredconditionals="6" methods="6" coveredmethods="6" elements="41" coveredelements="39" complexity="0" loc="28" ncloc="28" packages="3" files="7" classes="7"/>
    <package name="ProductCategoryRow">
      <metrics statements="3" coveredstatements="3" conditionals="0" coveredconditionals="0" methods="2" coveredmethods="2"/>
      <file name="ProductCategoryRow.tsx" path="/Users/huckbit/dev/__studialo/thinkingInReactTS/src/components/ProductCategoryRow/ProductCategoryRow.tsx">
        <metrics statements="2" coveredstatements="2" conditionals="0" coveredconditionals="0" methods="1" coveredmethods="1"/>
        <line num="6" count="2" type="stmt"/>
        <line num="12" count="1" type="stmt"/>
      </file>
      <file name="index.tsx" path="/Users/huckbit/dev/__studialo/thinkingInReactTS/src/components/ProductCategoryRow/index.tsx">
        <metrics statements="1" coveredstatements="1" conditionals="0" coveredconditionals="0" methods="1" coveredmethods="1"/>
        <line num="1" count="3" type="stmt"/>
      </file>
    </package>
    <package name="ProductRow">
      <metrics statements="7" coveredstatements="7" conditionals="2" coveredconditionals="2" methods="2" coveredmethods="2"/>
      <file name="ProductRow.mock.tsx" path="/Users/huckbit/dev/__studialo/thinkingInReactTS/src/components/ProductRow/ProductRow.mock.tsx">
        <metrics statements="2" coveredstatements="2" conditionals="0" coveredconditionals="0" methods="0" coveredmethods="0"/>
        <line num="3" count="1" type="stmt"/>
        <line num="10" count="1" type="stmt"/>
      </file>
      <file name="ProductRow.tsx" path="/Users/huckbit/dev/__studialo/thinkingInReactTS/src/components/ProductRow/ProductRow.tsx">
        <metrics statements="4" coveredstatements="4" conditionals="2" coveredconditionals="2" methods="1" coveredmethods="1"/>
        <line num="9" count="5" type="stmt"/>
        <line num="10" count="5" type="cond" truecount="2" falsecount="0"/>
        <line num="11" count="5" type="stmt"/>
        <line num="19" count="2" type="stmt"/>
      </file>
      <file name="index.tsx" path="/Users/huckbit/dev/__studialo/thinkingInReactTS/src/components/ProductRow/index.tsx">
        <metrics statements="1" coveredstatements="1" conditionals="0" coveredconditionals="0" methods="1" coveredmethods="1"/>
        <line num="1" count="3" type="stmt"/>
      </file>
    </package>
    <package name="ProductTable">
      <metrics statements="18" coveredstatements="17" conditionals="5" coveredconditionals="4" methods="2" coveredmethods="2"/>
      <file name="ProductTable.mock.tsx" path="/Users/huckbit/dev/__studialo/thinkingInReactTS/src/components/ProductTable/ProductTable.mock.tsx">
        <metrics statements="2" coveredstatements="2" conditionals="0" coveredconditionals="0" methods="0" coveredmethods="0"/>
        <line num="3" count="1" type="stmt"/>
        <line num="14" count="1" type="stmt"/>
      </file>
      <file name="ProductTable.tsx" path="/Users/huckbit/dev/__studialo/thinkingInReactTS/src/components/ProductTable/ProductTable.tsx">
        <metrics statements="16" coveredstatements="15" conditionals="5" coveredconditionals="4" methods="2" coveredmethods="2"/>
        <line num="2" count="1" type="stmt"/>
        <line num="3" count="1" type="stmt"/>
        <line num="13" count="2" type="stmt"/>
        <line num="15" count="2" type="stmt"/>
        <line num="17" count="2" type="stmt"/>
        <line num="18" count="6" type="stmt"/>
        <line num="19" count="6" type="cond" truecount="1" falsecount="0"/>
        <line num="20" count="4" type="stmt"/>
        <line num="22" count="2" type="cond" truecount="2" falsecount="1"/>
        <line num="23" count="0" type="stmt"/>
        <line num="25" count="2" type="cond" truecount="1" falsecount="0"/>
        <line num="26" count="2" type="stmt"/>
        <line num="28" count="2" type="stmt"/>
        <line num="29" count="2" type="stmt"/>
        <line num="32" count="2" type="stmt"/>
        <line num="45" count="1" type="stmt"/>
      </file>
    </package>
  </project>
</coverage>
