<?xml version="1.0" encoding="UTF-8"?>
<coverage generated="1709147900697" clover="3.2.0">
  <project timestamp="1709147900697" name="All files">
    <metrics statements="43" coveredstatements="40" conditionals="9" coveredconditionals="7" methods="12" coveredmethods="10" elements="64" coveredelements="57" complexity="0" loc="43" ncloc="43" packages="5" files="12" classes="12"/>
    <package name="FilterableProductTable">
      <metrics statements="9" coveredstatements="9" conditionals="0" coveredconditionals="0" methods="1" coveredmethods="1"/>
      <file name="FilterableProductTable.mock.tsx" path="/Users/huckbit/dev/__studialo/thinkingInReactTS/src/components/FilterableProductTable/FilterableProductTable.mock.tsx">
        <metrics statements="2" coveredstatements="2" conditionals="0" coveredconditionals="0" methods="0" coveredmethods="0"/>
        <line num="6" count="1" type="stmt"/>
        <line num="14" count="1" type="stmt"/>
      </file>
      <file name="FilterableProductTable.tsx" path="/Users/huckbit/dev/__studialo/thinkingInReactTS/src/components/FilterableProductTable/FilterableProductTable.tsx">
        <metrics statements="7" coveredstatements="7" conditionals="0" coveredconditionals="0" methods="1" coveredmethods="1"/>
        <line num="1" count="1" type="stmt"/>
        <line num="2" count="1" type="stmt"/>
        <line num="5" count="1" type="stmt"/>
        <line num="8" count="1" type="stmt"/>
        <line num="9" count="1" type="stmt"/>
        <line num="11" count="1" type="stmt"/>
        <line num="24" count="1" type="stmt"/>
      </file>
    </package>
    <package name="ProductCategoryRow">
      <metrics statements="3" coveredstatements="3" conditionals="0" coveredconditionals="0" methods="2" coveredmethods="2"/>
      <file name="ProductCategoryRow.tsx" path="/Users/huckbit/dev/__studialo/thinkingInReactTS/src/components/ProductCategoryRow/ProductCategoryRow.tsx">
        <metrics statements="2" coveredstatements="2" conditionals="0" coveredconditionals="0" methods="1" coveredmethods="1"/>
        <line num="6" count="3" type="stmt"/>
        <line num="12" count="2" type="stmt"/>
      </file>
      <file name="index.tsx" path="/Users/huckbit/dev/__studialo/thinkingInReactTS/src/components/ProductCategoryRow/index.tsx">
        <metrics statements="1" coveredstatements="1" conditionals="0" coveredconditionals="0" methods="1" coveredmethods="1"/>
        <line num="1" count="5" type="stmt"/>
      </file>
    </package>
    <package name="ProductRow">
      <metrics statements="7" coveredstatements="7" conditionals="2" coveredconditionals="2" methods="2" coveredmethods="2"/>
      <file name="ProductRow.mock.tsx" path="/Users/huckbit/dev/__studialo/thinkingInReactTS/src/components/ProductRow/ProductRow.mock.tsx">
        <metrics statements="2" coveredstatements="2" conditionals="0" coveredconditionals="0" methods="0" coveredmethods="0"/>
        <line num="3" count="1" type="stmt"/>
        <line num="10" count="1" type="stmt"/>
      </file>
      <file name="ProductRow.tsx" path="/Users/huckbit/dev/__studialo/thinkingInReactTS/src/components/ProductRow/ProductRow.tsx">
        <metrics statements="4" coveredstatements="4" conditionals="2" coveredconditionals="2" methods="1" coveredmethods="1"/>
        <line num="9" count="8" type="stmt"/>
        <line num="10" count="8" type="cond" truecount="2" falsecount="0"/>
        <line num="11" count="8" type="stmt"/>
        <line num="19" count="3" type="stmt"/>
      </file>
      <file name="index.tsx" path="/Users/huckbit/dev/__studialo/thinkingInReactTS/src/components/ProductRow/index.tsx">
        <metrics statements="1" coveredstatements="1" conditionals="0" coveredconditionals="0" methods="1" coveredmethods="1"/>
        <line num="1" count="7" type="stmt"/>
      </file>
    </package>
    <package name="ProductTable">
      <metrics statements="19" coveredstatements="18" conditionals="5" coveredconditionals="4" methods="3" coveredmethods="3"/>
      <file name="ProductTable.mock.tsx" path="/Users/huckbit/dev/__studialo/thinkingInReactTS/src/components/ProductTable/ProductTable.mock.tsx">
        <metrics statements="2" coveredstatements="2" conditionals="0" coveredconditionals="0" methods="0" coveredmethods="0"/>
        <line num="3" count="1" type="stmt"/>
        <line num="14" count="1" type="stmt"/>
      </file>
      <file name="ProductTable.tsx" path="/Users/huckbit/dev/__studialo/thinkingInReactTS/src/components/ProductTable/ProductTable.tsx">
        <metrics statements="16" coveredstatements="15" conditionals="5" coveredconditionals="4" methods="2" coveredmethods="2"/>
        <line num="2" count="2" type="stmt"/>
        <line num="3" count="2" type="stmt"/>
        <line num="13" count="3" type="stmt"/>
        <line num="15" count="3" type="stmt"/>
        <line num="17" count="3" type="stmt"/>
        <line num="18" count="9" type="stmt"/>
        <line num="19" count="9" type="cond" truecount="1" falsecount="0"/>
        <line num="20" count="4" type="stmt"/>
        <line num="22" count="5" type="cond" truecount="2" falsecount="1"/>
        <line num="23" count="0" type="stmt"/>
        <line num="25" count="5" type="cond" truecount="1" falsecount="0"/>
        <line num="26" count="3" type="stmt"/>
        <line num="28" count="5" type="stmt"/>
        <line num="29" count="5" type="stmt"/>
        <line num="32" count="3" type="stmt"/>
        <line num="45" count="2" type="stmt"/>
      </file>
      <file name="index.tsx" path="/Users/huckbit/dev/__studialo/thinkingInReactTS/src/components/ProductTable/index.tsx">
        <metrics statements="1" coveredstatements="1" conditionals="0" coveredconditionals="0" methods="1" coveredmethods="1"/>
        <line num="1" count="2" type="stmt"/>
      </file>
    </package>
    <package name="SearchBar">
      <metrics statements="5" coveredstatements="3" conditionals="2" coveredconditionals="1" methods="4" coveredmethods="2"/>
      <file name="SearchBar.tsx" path="/Users/huckbit/dev/__studialo/thinkingInReactTS/src/components/SearchBar/SearchBar.tsx">
        <metrics statements="4" coveredstatements="2" conditionals="2" coveredconditionals="1" methods="3" coveredmethods="1"/>
        <line num="9" count="1" type="stmt"/>
        <line num="14" count="0" type="stmt"/>
        <line num="18" count="0" type="cond" truecount="1" falsecount="1"/>
        <line num="25" count="1" type="stmt"/>
      </file>
      <file name="index.tsx" path="/Users/huckbit/dev/__studialo/thinkingInReactTS/src/components/SearchBar/index.tsx">
        <metrics statements="1" coveredstatements="1" conditionals="0" coveredconditionals="0" methods="1" coveredmethods="1"/>
        <line num="1" count="2" type="stmt"/>
      </file>
    </package>
  </project>
</coverage>
