{"/Users/huckbit/dev/__react/thinking-in-react-TS/src/components/FilterableProductTable/FilterableProductTable.mock.tsx": {"path":"/Users/huckbit/dev/__react/thinking-in-react-TS/src/components/FilterableProductTable/FilterableProductTable.mock.tsx","statementMap":{"0":{"start":{"line":6,"column":23},"end":{"line":12,"column":2}},"1":{"start":{"line":14,"column":0},"end":{"line":14,"column":20}}},"fnMap":{},"branchMap":{},"s":{"0":1,"1":1},"f":{},"b":{}}
,"/Users/huckbit/dev/__react/thinking-in-react-TS/src/components/FilterableProductTable/FilterableProductTable.tsx": {"path":"/Users/huckbit/dev/__react/thinking-in-react-TS/src/components/FilterableProductTable/FilterableProductTable.tsx","statementMap":{"0":{"start":{"line":1,"column":0},"end":{"line":1,"column":33}},"1":{"start":{"line":2,"column":0},"end":{"line":2,"column":66}},"2":{"start":{"line":5,"column":0},"end":{"line":5,"column":37}},"3":{"start":{"line":8,"column":38},"end":{"line":8,"column":58}},"4":{"start":{"line":9,"column":40},"end":{"line":9,"column":64}},"5":{"start":{"line":11,"column":2},"end":{"line":21,"column":4}},"6":{"start":{"line":24,"column":0},"end":{"line":24,"column":38}}},"fnMap":{"0":{"name":"FilterableProductTable","decl":{"start":{"line":7,"column":9},"end":{"line":7,"column":31}},"loc":{"start":{"line":7,"column":69},"end":{"line":22,"column":1}}}},"branchMap":{},"s":{"0":1,"1":1,"2":1,"3":1,"4":1,"5":1,"6":1},"f":{"0":1},"b":{}}
,"/Users/huckbit/dev/__react/thinking-in-react-TS/src/components/ProductCategoryRow/ProductCategoryRow.tsx": {"path":"/Users/huckbit/dev/__react/thinking-in-react-TS/src/components/ProductCategoryRow/ProductCategoryRow.tsx","statementMap":{"0":{"start":{"line":6,"column":2},"end":{"line":10,"column":4}},"1":{"start":{"line":12,"column":0},"end":{"line":12,"column":34}}},"fnMap":{"0":{"name":"ProductCategoryRow","decl":{"start":{"line":5,"column":9},"end":{"line":5,"column":27}},"loc":{"start":{"line":5,"column":47},"end":{"line":11,"column":1}}}},"branchMap":{},"s":{"0":6,"1":3},"f":{"0":6},"b":{}}
,"/Users/huckbit/dev/__react/thinking-in-react-TS/src/components/ProductCategoryRow/index.tsx": {"path":"/Users/huckbit/dev/__react/thinking-in-react-TS/src/components/ProductCategoryRow/index.tsx","statementMap":{"0":{"start":{"line":1,"column":0},"end":{"line":1,"column":9}},"1":{"start":{"line":1,"column":9},"end":{"line":1,"column":47}}},"fnMap":{"0":{"name":"(anonymous_0)","decl":{"start":{"line":1,"column":9},"end":{"line":1,"column":16}},"loc":{"start":{"line":1,"column":9},"end":{"line":1,"column":47}}}},"branchMap":{},"s":{"0":2,"1":7},"f":{"0":5},"b":{}}
,"/Users/huckbit/dev/__react/thinking-in-react-TS/src/components/ProductRow/ProductRow.mock.tsx": {"path":"/Users/huckbit/dev/__react/thinking-in-react-TS/src/components/ProductRow/ProductRow.mock.tsx","statementMap":{"0":{"start":{"line":3,"column":22},"end":{"line":8,"column":2}},"1":{"start":{"line":10,"column":0},"end":{"line":10,"column":20}}},"fnMap":{},"branchMap":{},"s":{"0":1,"1":1},"f":{},"b":{}}
,"/Users/huckbit/dev/__react/thinking-in-react-TS/src/components/ProductRow/ProductRow.tsx": {"path":"/Users/huckbit/dev/__react/thinking-in-react-TS/src/components/ProductRow/ProductRow.tsx","statementMap":{"0":{"start":{"line":9,"column":35},"end":{"line":9,"column":42}},"1":{"start":{"line":10,"column":22},"end":{"line":10,"column":83}},"2":{"start":{"line":11,"column":2},"end":{"line":16,"column":4}},"3":{"start":{"line":19,"column":0},"end":{"line":19,"column":26}}},"fnMap":{"0":{"name":"ProductRow","decl":{"start":{"line":8,"column":9},"end":{"line":8,"column":19}},"loc":{"start":{"line":8,"column":53},"end":{"line":17,"column":1}}}},"branchMap":{"0":{"loc":{"start":{"line":10,"column":22},"end":{"line":10,"column":83}},"type":"cond-expr","locations":[{"start":{"line":10,"column":32},"end":{"line":10,"column":36}},{"start":{"line":10,"column":39},"end":{"line":10,"column":83}}]}},"s":{"0":11,"1":11,"2":11,"3":3},"f":{"0":11},"b":{"0":[9,2]}}
,"/Users/huckbit/dev/__react/thinking-in-react-TS/src/components/ProductRow/index.tsx": {"path":"/Users/huckbit/dev/__react/thinking-in-react-TS/src/components/ProductRow/index.tsx","statementMap":{"0":{"start":{"line":1,"column":0},"end":{"line":1,"column":9}},"1":{"start":{"line":1,"column":9},"end":{"line":1,"column":39}}},"fnMap":{"0":{"name":"(anonymous_0)","decl":{"start":{"line":1,"column":9},"end":{"line":1,"column":16}},"loc":{"start":{"line":1,"column":9},"end":{"line":1,"column":39}}}},"branchMap":{},"s":{"0":2,"1":10},"f":{"0":8},"b":{}}
,"/Users/huckbit/dev/__react/thinking-in-react-TS/src/components/ProductTable/ProductTable.mock.tsx": {"path":"/Users/huckbit/dev/__react/thinking-in-react-TS/src/components/ProductTable/ProductTable.mock.tsx","statementMap":{"0":{"start":{"line":3,"column":32},"end":{"line":12,"column":2}},"1":{"start":{"line":14,"column":0},"end":{"line":14,"column":20}}},"fnMap":{},"branchMap":{},"s":{"0":1,"1":1},"f":{},"b":{}}
,"/Users/huckbit/dev/__react/thinking-in-react-TS/src/components/ProductTable/ProductTable.tsx": {"path":"/Users/huckbit/dev/__react/thinking-in-react-TS/src/components/ProductTable/ProductTable.tsx","statementMap":{"0":{"start":{"line":2,"column":0},"end":{"line":2,"column":52}},"1":{"start":{"line":3,"column":0},"end":{"line":3,"column":84}},"2":{"start":{"line":13,"column":34},"end":{"line":13,"column":36}},"3":{"start":{"line":15,"column":36},"end":{"line":15,"column":40}},"4":{"start":{"line":17,"column":2},"end":{"line":30,"column":5}},"5":{"start":{"line":18,"column":25},"end":{"line":18,"column":32}},"6":{"start":{"line":19,"column":4},"end":{"line":21,"column":null}},"7":{"start":{"line":20,"column":6},"end":{"line":20,"column":13}},"8":{"start":{"line":22,"column":4},"end":{"line":24,"column":null}},"9":{"start":{"line":23,"column":6},"end":{"line":23,"column":13}},"10":{"start":{"line":25,"column":4},"end":{"line":27,"column":null}},"11":{"start":{"line":26,"column":6},"end":{"line":26,"column":86}},"12":{"start":{"line":28,"column":4},"end":{"line":28,"column":73}},"13":{"start":{"line":29,"column":4},"end":{"line":29,"column":28}},"14":{"start":{"line":32,"column":2},"end":{"line":42,"column":4}},"15":{"start":{"line":45,"column":0},"end":{"line":45,"column":28}}},"fnMap":{"0":{"name":"ProductTable","decl":{"start":{"line":12,"column":9},"end":{"line":12,"column":21}},"loc":{"start":{"line":12,"column":66},"end":{"line":43,"column":1}}},"1":{"name":"(anonymous_1)","decl":{"start":{"line":17,"column":19},"end":{"line":17,"column":20}},"loc":{"start":{"line":17,"column":55},"end":{"line":30,"column":3}}}},"branchMap":{"0":{"loc":{"start":{"line":19,"column":4},"end":{"line":21,"column":null}},"type":"if","locations":[{"start":{"line":19,"column":4},"end":{"line":21,"column":null}}]},"1":{"loc":{"start":{"line":22,"column":4},"end":{"line":24,"column":null}},"type":"if","locations":[{"start":{"line":22,"column":4},"end":{"line":24,"column":null}}]},"2":{"loc":{"start":{"line":22,"column":8},"end":{"line":22,"column":39}},"type":"binary-expr","locations":[{"start":{"line":22,"column":8},"end":{"line":22,"column":19}},{"start":{"line":22,"column":23},"end":{"line":22,"column":39}}]},"3":{"loc":{"start":{"line":25,"column":4},"end":{"line":27,"column":null}},"type":"if","locations":[{"start":{"line":25,"column":4},"end":{"line":27,"column":null}}]}},"s":{"0":2,"1":2,"2":5,"3":5,"4":5,"5":15,"6":15,"7":6,"8":9,"9":1,"10":8,"11":5,"12":8,"13":8,"14":5,"15":2},"f":{"0":5,"1":15},"b":{"0":[6],"1":[1],"2":[9,6],"3":[5]}}
,"/Users/huckbit/dev/__react/thinking-in-react-TS/src/components/ProductTable/index.tsx": {"path":"/Users/huckbit/dev/__react/thinking-in-react-TS/src/components/ProductTable/index.tsx","statementMap":{"0":{"start":{"line":1,"column":0},"end":{"line":1,"column":9}},"1":{"start":{"line":1,"column":9},"end":{"line":1,"column":41}}},"fnMap":{"0":{"name":"(anonymous_0)","decl":{"start":{"line":1,"column":9},"end":{"line":1,"column":16}},"loc":{"start":{"line":1,"column":9},"end":{"line":1,"column":41}}}},"branchMap":{},"s":{"0":1,"1":2},"f":{"0":1},"b":{}}
,"/Users/huckbit/dev/__react/thinking-in-react-TS/src/components/SearchBar/SearchBar.mock.tsx": {"path":"/Users/huckbit/dev/__react/thinking-in-react-TS/src/components/SearchBar/SearchBar.mock.tsx","statementMap":{"0":{"start":{"line":3,"column":29},"end":{"line":8,"column":2}},"1":{"start":{"line":10,"column":0},"end":{"line":10,"column":20}}},"fnMap":{},"branchMap":{},"s":{"0":1,"1":1},"f":{},"b":{}}
,"/Users/huckbit/dev/__react/thinking-in-react-TS/src/components/SearchBar/SearchBar.tsx": {"path":"/Users/huckbit/dev/__react/thinking-in-react-TS/src/components/SearchBar/SearchBar.tsx","statementMap":{"0":{"start":{"line":9,"column":2},"end":{"line":17,"column":4}},"1":{"start":{"line":11,"column":65},"end":{"line":11,"column":103}},"2":{"start":{"line":13,"column":91},"end":{"line":13,"column":132}},"3":{"start":{"line":20,"column":0},"end":{"line":20,"column":25}}},"fnMap":{"0":{"name":"SearchBar","decl":{"start":{"line":8,"column":9},"end":{"line":8,"column":18}},"loc":{"start":{"line":8,"column":94},"end":{"line":18,"column":1}}},"1":{"name":"(anonymous_1)","decl":{"start":{"line":11,"column":54},"end":{"line":11,"column":55}},"loc":{"start":{"line":11,"column":65},"end":{"line":11,"column":103}}},"2":{"name":"(anonymous_2)","decl":{"start":{"line":13,"column":80},"end":{"line":13,"column":81}},"loc":{"start":{"line":13,"column":91},"end":{"line":13,"column":132}}}},"branchMap":{"0":{"loc":{"start":{"line":13,"column":38},"end":{"line":13,"column":68}},"type":"cond-expr","locations":[{"start":{"line":13,"column":52},"end":{"line":13,"column":58}},{"start":{"line":13,"column":61},"end":{"line":13,"column":68}}]}},"s":{"0":5,"1":1,"2":2,"3":2},"f":{"0":5,"1":1,"2":2},"b":{"0":[1,4]}}
,"/Users/huckbit/dev/__react/thinking-in-react-TS/src/components/SearchBar/index.tsx": {"path":"/Users/huckbit/dev/__react/thinking-in-react-TS/src/components/SearchBar/index.tsx","statementMap":{"0":{"start":{"line":1,"column":0},"end":{"line":1,"column":9}},"1":{"start":{"line":1,"column":9},"end":{"line":1,"column":38}}},"fnMap":{"0":{"name":"(anonymous_0)","decl":{"start":{"line":1,"column":9},"end":{"line":1,"column":16}},"loc":{"start":{"line":1,"column":9},"end":{"line":1,"column":38}}}},"branchMap":{},"s":{"0":1,"1":2},"f":{"0":1},"b":{}}
}
