{"/Users/huckbit/dev/__studialo/thinkingInReactTS/src/components/ProductRow/ProductRow.mock.tsx": {"path":"/Users/huckbit/dev/__studialo/thinkingInReactTS/src/components/ProductRow/ProductRow.mock.tsx","statementMap":{"0":{"start":{"line":3,"column":22},"end":{"line":8,"column":2}},"1":{"start":{"line":10,"column":0},"end":{"line":10,"column":20}}},"fnMap":{},"branchMap":{},"s":{"0":1,"1":1},"f":{},"b":{}}
,"/Users/huckbit/dev/__studialo/thinkingInReactTS/src/components/ProductRow/ProductRow.tsx": {"path":"/Users/huckbit/dev/__studialo/thinkingInReactTS/src/components/ProductRow/ProductRow.tsx","statementMap":{"0":{"start":{"line":9,"column":35},"end":{"line":9,"column":42}},"1":{"start":{"line":10,"column":22},"end":{"line":10,"column":83}},"2":{"start":{"line":11,"column":2},"end":{"line":16,"column":4}},"3":{"start":{"line":19,"column":0},"end":{"line":19,"column":26}}},"fnMap":{"0":{"name":"ProductRow","decl":{"start":{"line":8,"column":9},"end":{"line":8,"column":19}},"loc":{"start":{"line":8,"column":53},"end":{"line":17,"column":1}}}},"branchMap":{"0":{"loc":{"start":{"line":10,"column":22},"end":{"line":10,"column":83}},"type":"cond-expr","locations":[{"start":{"line":10,"column":32},"end":{"line":10,"column":36}},{"start":{"line":10,"column":39},"end":{"line":10,"column":83}}]}},"s":{"0":2,"1":2,"2":2,"3":1},"f":{"0":2},"b":{"0":[2,0]}}
}
