TN:
SF:src/components/FilterableProductTable/FilterableProductTable.mock.tsx
FNF:0
FNH:0
DA:6,1
DA:14,1
LF:2
LH:2
BRF:0
BRH:0
end_of_record
TN:
SF:src/components/FilterableProductTable/FilterableProductTable.tsx
FN:7,FilterableProductTable
FNF:1
FNH:1
FNDA:1,FilterableProductTable
DA:1,1
DA:2,1
DA:5,1
DA:8,1
DA:9,1
DA:11,1
DA:24,1
LF:7
LH:7
BRF:0
BRH:0
end_of_record
TN:
SF:src/components/ProductCategoryRow/ProductCategoryRow.tsx
FN:5,ProductCategoryRow
FNF:1
FNH:1
FNDA:3,ProductCategoryRow
DA:6,3
DA:12,2
LF:2
LH:2
BRF:0
BRH:0
end_of_record
TN:
SF:src/components/ProductCategoryRow/index.tsx
FN:1,(anonymous_0)
FNF:1
FNH:1
FNDA:3,(anonymous_0)
DA:1,5
LF:1
LH:1
BRF:0
BRH:0
end_of_record
TN:
SF:src/components/ProductRow/ProductRow.mock.tsx
FNF:0
FNH:0
DA:3,1
DA:10,1
LF:2
LH:2
BRF:0
BRH:0
end_of_record
TN:
SF:src/components/ProductRow/ProductRow.tsx
FN:8,ProductRow
FNF:1
FNH:1
FNDA:8,ProductRow
DA:9,8
DA:10,8
DA:11,8
DA:19,3
LF:4
LH:4
BRDA:10,0,0,6
BRDA:10,0,1,2
BRF:2
BRH:2
end_of_record
TN:
SF:src/components/ProductRow/index.tsx
FN:1,(anonymous_0)
FNF:1
FNH:1
FNDA:5,(anonymous_0)
DA:1,7
LF:1
LH:1
BRF:0
BRH:0
end_of_record
TN:
SF:src/components/ProductTable/ProductTable.mock.tsx
FNF:0
FNH:0
DA:3,1
DA:14,1
LF:2
LH:2
BRF:0
BRH:0
end_of_record
TN:
SF:src/components/ProductTable/ProductTable.tsx
FN:12,ProductTable
FN:17,(anonymous_1)
FNF:2
FNH:2
FNDA:3,ProductTable
FNDA:9,(anonymous_1)
DA:2,2
DA:3,2
DA:13,3
DA:15,3
DA:17,3
DA:18,9
DA:19,9
DA:20,4
DA:22,5
DA:23,0
DA:25,5
DA:26,3
DA:28,5
DA:29,5
DA:32,3
DA:45,2
LF:16
LH:15
BRDA:19,0,0,4
BRDA:22,1,0,0
BRDA:22,2,0,5
BRDA:22,2,1,2
BRDA:25,3,0,3
BRF:5
BRH:4
end_of_record
TN:
SF:src/components/ProductTable/index.tsx
FN:1,(anonymous_0)
FNF:1
FNH:1
FNDA:1,(anonymous_0)
DA:1,2
LF:1
LH:1
BRF:0
BRH:0
end_of_record
TN:
SF:src/components/SearchBar/SearchBar.tsx
FN:8,SearchBar
FN:14,(anonymous_1)
FN:18,(anonymous_2)
FNF:3
FNH:1
FNDA:1,SearchBar
FNDA:0,(anonymous_1)
FNDA:0,(anonymous_2)
DA:9,1
DA:14,0
DA:18,0
DA:25,1
LF:4
LH:2
BRDA:18,0,0,0
BRDA:18,0,1,1
BRF:2
BRH:1
end_of_record
TN:
SF:src/components/SearchBar/index.tsx
FN:1,(anonymous_0)
FNF:1
FNH:1
FNDA:1,(anonymous_0)
DA:1,2
LF:1
LH:1
BRF:0
BRH:0
end_of_record
