TN:
SF:src/components/ProductCategoryRow/ProductCategoryRow.tsx
FN:5,ProductCategoryRow
FNF:1
FNH:1
FNDA:2,ProductCategoryRow
DA:6,2
DA:12,1
LF:2
LH:2
BRF:0
BRH:0
end_of_record
TN:
SF:src/components/ProductCategoryRow/index.tsx
FN:1,(anonymous_0)
FNF:1
FNH:1
FNDA:2,(anonymous_0)
DA:1,3
LF:1
LH:1
BRF:0
BRH:0
end_of_record
TN:
SF:src/components/ProductRow/ProductRow.mock.tsx
FNF:0
FNH:0
DA:3,1
DA:10,1
LF:2
LH:2
BRF:0
BRH:0
end_of_record
TN:
SF:src/components/ProductRow/ProductRow.tsx
FN:8,ProductRow
FNF:1
FNH:1
FNDA:5,ProductRow
DA:9,5
DA:10,5
DA:11,5
DA:19,2
LF:4
LH:4
BRDA:10,0,0,4
BRDA:10,0,1,1
BRF:2
BRH:2
end_of_record
TN:
SF:src/components/ProductRow/index.tsx
FN:1,(anonymous_0)
FNF:1
FNH:1
FNDA:2,(anonymous_0)
DA:1,3
LF:1
LH:1
BRF:0
BRH:0
end_of_record
TN:
SF:src/components/ProductTable/ProductTable.mock.tsx
FNF:0
FNH:0
DA:3,1
DA:14,1
LF:2
LH:2
BRF:0
BRH:0
end_of_record
TN:
SF:src/components/ProductTable/ProductTable.tsx
FN:12,ProductTable
FN:17,(anonymous_1)
FNF:2
FNH:2
FNDA:2,ProductTable
FNDA:6,(anonymous_1)
DA:2,1
DA:3,1
DA:13,2
DA:15,2
DA:17,2
DA:18,6
DA:19,6
DA:20,4
DA:22,2
DA:23,0
DA:25,2
DA:26,2
DA:28,2
DA:29,2
DA:32,2
DA:45,1
LF:16
LH:15
BRDA:19,0,0,4
BRDA:22,1,0,0
BRDA:22,2,0,2
BRDA:22,2,1,2
BRDA:25,3,0,2
BRF:5
BRH:4
end_of_record
